2016-05-04 16:28:20,687 ERROR [Worker-2] - Statistics - Statistics file `/home/bhochhi/.scalaide/statistics` is corrupted. A new one is being created. Corrupted content was:

com.cedarsoftware.util.io.JsonIoException: error parsing JSON value
	at com.cedarsoftware.util.io.JsonReader.readObject(JsonReader.java:529)
	at com.cedarsoftware.util.io.JsonReader.jsonToJava(JsonReader.java:289)
	at com.cedarsoftware.util.io.JsonReader.jsonToJava(JsonReader.java:262)
	at org.scalaide.core.internal.statistics.Statistics.org$scalaide$core$internal$statistics$Statistics$$read(Statistics.scala:74)
	at org.scalaide.core.internal.statistics.Statistics$$anonfun$readStats$1.apply(Statistics.scala:52)
	at org.scalaide.core.internal.statistics.Statistics$$anonfun$readStats$1.apply(Statistics.scala:51)
	at org.scalaide.core.ScalaIdeDataStore$$anonfun$validate$2.apply(ScalaIdeDataStore.scala:59)
	at org.scalaide.util.eclipse.EclipseUtils$$anon$3.run(EclipseUtils.scala:214)
	at org.eclipse.core.runtime.SafeRunner.run(SafeRunner.java:42)
	at org.scalaide.util.eclipse.EclipseUtils$.withSafeRunner(EclipseUtils.scala:210)
	at org.scalaide.core.ScalaIdeDataStore$.validate(ScalaIdeDataStore.scala:58)
	at org.scalaide.core.internal.statistics.Statistics.readStats(Statistics.scala:51)
	at org.scalaide.core.internal.statistics.Statistics.<init>(Statistics.scala:30)
	at org.scalaide.core.internal.ScalaPlugin.stats$lzycompute(ScalaPlugin.scala:135)
	at org.scalaide.core.internal.ScalaPlugin.stats(ScalaPlugin.scala:135)
	at org.scalaide.core.internal.ScalaPlugin.statistics(ScalaPlugin.scala:138)
	at org.scalaide.core.internal.ScalaPlugin.start(ScalaPlugin.scala:109)
	at org.eclipse.osgi.internal.framework.BundleContextImpl$3.run(BundleContextImpl.java:771)
	at org.eclipse.osgi.internal.framework.BundleContextImpl$3.run(BundleContextImpl.java:1)
	at java.security.AccessController.doPrivileged(Native Method)
	at org.eclipse.osgi.internal.framework.BundleContextImpl.startActivator(BundleContextImpl.java:764)
	at org.eclipse.osgi.internal.framework.BundleContextImpl.start(BundleContextImpl.java:721)
	at org.eclipse.osgi.internal.framework.EquinoxBundle.startWorker0(EquinoxBundle.java:936)
	at org.eclipse.osgi.internal.framework.EquinoxBundle$EquinoxModule.startWorker(EquinoxBundle.java:319)
	at org.eclipse.osgi.container.Module.doStart(Module.java:571)
	at org.eclipse.osgi.container.Module.start(Module.java:439)
	at org.eclipse.osgi.framework.util.SecureAction.start(SecureAction.java:454)
	at org.eclipse.osgi.internal.hooks.EclipseLazyStarter.postFindLocalClass(EclipseLazyStarter.java:107)
	at org.eclipse.osgi.internal.loader.classpath.ClasspathManager.findLocalClass(ClasspathManager.java:531)
	at org.eclipse.osgi.internal.loader.ModuleClassLoader.findLocalClass(ModuleClassLoader.java:324)
	at org.eclipse.osgi.internal.loader.BundleLoader.findLocalClass(BundleLoader.java:320)
	at org.eclipse.osgi.internal.loader.sources.SingleSourcePackage.loadClass(SingleSourcePackage.java:36)
	at org.eclipse.osgi.internal.loader.BundleLoader.findClassInternal(BundleLoader.java:391)
	at org.eclipse.osgi.internal.loader.BundleLoader.findClass(BundleLoader.java:345)
	at org.eclipse.osgi.internal.loader.BundleLoader.findClass(BundleLoader.java:337)
	at org.eclipse.osgi.internal.loader.ModuleClassLoader.loadClass(ModuleClassLoader.java:160)
	at java.lang.ClassLoader.loadClass(ClassLoader.java:357)
	at org.scalaide.debug.internal.ScalaDebugger$.init(ScalaDebugger.scala:66)
	at org.scalaide.debug.internal.ScalaDebugPlugin.start(ScalaDebugPlugin.scala:30)
	at org.eclipse.osgi.internal.framework.BundleContextImpl$3.run(BundleContextImpl.java:771)
	at org.eclipse.osgi.internal.framework.BundleContextImpl$3.run(BundleContextImpl.java:1)
	at java.security.AccessController.doPrivileged(Native Method)
	at org.eclipse.osgi.internal.framework.BundleContextImpl.startActivator(BundleContextImpl.java:764)
	at org.eclipse.osgi.internal.framework.BundleContextImpl.start(BundleContextImpl.java:721)
	at org.eclipse.osgi.internal.framework.EquinoxBundle.startWorker0(EquinoxBundle.java:936)
	at org.eclipse.osgi.internal.framework.EquinoxBundle$EquinoxModule.startWorker(EquinoxBundle.java:319)
	at org.eclipse.osgi.container.Module.doStart(Module.java:571)
	at org.eclipse.osgi.container.Module.start(Module.java:439)
	at org.eclipse.osgi.framework.util.SecureAction.start(SecureAction.java:454)
	at org.eclipse.osgi.internal.hooks.EclipseLazyStarter.postFindLocalClass(EclipseLazyStarter.java:107)
	at org.eclipse.osgi.internal.loader.classpath.ClasspathManager.findLocalClass(ClasspathManager.java:531)
	at org.eclipse.osgi.internal.loader.ModuleClassLoader.findLocalClass(ModuleClassLoader.java:324)
	at org.eclipse.osgi.internal.loader.BundleLoader.findLocalClass(BundleLoader.java:320)
	at org.eclipse.osgi.internal.loader.BundleLoader.findClassInternal(BundleLoader.java:395)
	at org.eclipse.osgi.internal.loader.BundleLoader.findClass(BundleLoader.java:345)
	at org.eclipse.osgi.internal.loader.BundleLoader.findClass(BundleLoader.java:337)
	at org.eclipse.osgi.internal.loader.ModuleClassLoader.loadClass(ModuleClassLoader.java:160)
	at java.lang.ClassLoader.loadClass(ClassLoader.java:357)
	at org.eclipse.osgi.internal.framework.EquinoxBundle.loadClass(EquinoxBundle.java:568)
	at org.eclipse.core.internal.registry.osgi.RegistryStrategyOSGI.createExecutableExtension(RegistryStrategyOSGI.java:174)
	at org.eclipse.core.internal.registry.ExtensionRegistry.createExecutableExtension(ExtensionRegistry.java:905)
	at org.eclipse.core.internal.registry.ConfigurationElement.createExecutableExtension(ConfigurationElement.java:243)
	at org.eclipse.core.internal.registry.ConfigurationElementHandle.createExecutableExtension(ConfigurationElementHandle.java:55)
	at org.eclipse.ui.internal.WorkbenchPlugin$1.run(WorkbenchPlugin.java:294)
	at org.eclipse.swt.custom.BusyIndicator.showWhile(BusyIndicator.java:52)
	at org.eclipse.ui.internal.WorkbenchPlugin.createExtension(WorkbenchPlugin.java:289)
	at org.eclipse.ui.internal.EarlyStartupRunnable.getExecutableExtension(EarlyStartupRunnable.java:119)
	at org.eclipse.ui.internal.EarlyStartupRunnable.run(EarlyStartupRunnable.java:67)
	at org.eclipse.core.runtime.SafeRunner.run(SafeRunner.java:42)
	at org.eclipse.ui.internal.Workbench$56.run(Workbench.java:2755)
	at org.eclipse.core.internal.jobs.Worker.run(Worker.java:54)
Caused by: com.cedarsoftware.util.io.JsonIoException: EOF reached prematurely
	at com.cedarsoftware.util.io.JsonParser.error(JsonParser.java:584)
	at com.cedarsoftware.util.io.JsonParser.readValue(JsonParser.java:278)
	at com.cedarsoftware.util.io.JsonReader.readObject(JsonReader.java:521)
	... 70 more
2016-05-04 16:30:49,494  WARN [ModalContext] - ScalaProject - Project hello-project has platform default sourceLevel.
2016-05-04 16:30:49,495  WARN [ModalContext] - ScalaProject - Project hello-project runs on platform default installation.
2016-05-04 16:31:15,684  WARN [ModalContext] - ScalaProject - Project hello-project has platform default sourceLevel.
2016-05-04 16:31:15,685  WARN [ModalContext] - ScalaProject - Project hello-project runs on platform default installation.
2016-05-04 16:31:36,954  WARN [Worker-9] - ScalaProject - Project hello-project has platform default sourceLevel.
2016-05-04 16:31:36,954  WARN [Worker-9] - ScalaProject - Project hello-project runs on platform default installation.
2016-05-04 16:32:03,694  WARN [main] - ScalaProject - Project hello-project has platform default sourceLevel.
2016-05-04 16:32:03,694  WARN [main] - ScalaProject - Project hello-project runs on platform default installation.
2016-05-04 16:32:46,601  WARN [main] - ScalaProject - Project hello-project has platform default sourceLevel.
2016-05-04 16:32:46,602  WARN [main] - ScalaProject - Project hello-project runs on platform default installation.
2016-05-04 16:32:46,911  WARN [Worker-9] - ScalaProject - Project hello-project has platform default sourceLevel.
2016-05-04 16:32:46,911  WARN [Worker-9] - ScalaProject - Project hello-project runs on platform default installation.
2016-05-04 16:33:00,772  WARN [Worker-9] - ScalaProject - Project hello-project has platform default sourceLevel.
2016-05-04 16:33:00,773  WARN [Worker-9] - ScalaProject - Project hello-project runs on platform default installation.
2016-05-04 16:33:48,907  WARN [Worker-10] - ScalaProject - Project hello-project has platform default sourceLevel.
2016-05-04 16:33:48,908  WARN [Worker-10] - ScalaProject - Project hello-project runs on platform default installation.
2016-05-04 16:33:49,331  WARN [org.scalaide.ui.internal.reconciliation.ScalaReconciler] - ScalaProject - Project hello-project has platform default sourceLevel.
2016-05-04 16:33:49,331  WARN [org.scalaide.ui.internal.reconciliation.ScalaReconciler] - ScalaProject - Project hello-project runs on platform default installation.
2016-05-04 16:33:53,284  WARN [main] - ScalaProject - Project hello-project has platform default sourceLevel.
2016-05-04 16:33:53,284  WARN [main] - ScalaProject - Project hello-project runs on platform default installation.
2016-05-04 16:33:53,729  WARN [Worker-8] - ScalaProject - Project hello-project has platform default sourceLevel.
2016-05-04 16:33:53,729  WARN [Worker-8] - ScalaProject - Project hello-project runs on platform default installation.
2016-05-04 16:34:03,034  WARN [Worker-7] - ScalaProject - Project hello-project has platform default sourceLevel.
2016-05-04 16:34:03,035  WARN [Worker-7] - ScalaProject - Project hello-project runs on platform default installation.
2016-05-04 16:34:04,853  WARN [Worker-11] - ScalaProject - Project hello-project has platform default sourceLevel.
2016-05-04 16:34:04,853  WARN [Worker-11] - ScalaProject - Project hello-project runs on platform default installation.
2016-05-04 16:34:24,494  WARN [Worker-7] - ScalaProject - Project hello-project has platform default sourceLevel.
2016-05-04 16:34:24,495  WARN [Worker-7] - ScalaProject - Project hello-project runs on platform default installation.
2016-05-04 16:35:53,443  WARN [main] - ScalaProject - Project hello-project has platform default sourceLevel.
2016-05-04 16:35:53,444  WARN [main] - ScalaProject - Project hello-project runs on platform default installation.
2016-05-04 16:35:53,850  WARN [Worker-8] - ScalaProject - Project hello-project has platform default sourceLevel.
2016-05-04 16:35:53,851  WARN [Worker-8] - ScalaProject - Project hello-project runs on platform default installation.
2016-05-04 16:36:01,156 ERROR [Worker-6] - System.err - SLF4J: Failed to load class "org.slf4j.impl.StaticLoggerBinder".
2016-05-04 16:36:01,156 ERROR [Worker-6] - System.err - SLF4J: Defaulting to no-operation (NOP) logger implementation
2016-05-04 16:36:01,156 ERROR [Worker-6] - System.err - SLF4J: See http://www.slf4j.org/codes.html#StaticLoggerBinder for further details.
2016-05-04 16:37:46,164  WARN [Worker-6] - ScalaProject - Project hello-project has platform default sourceLevel.
2016-05-04 16:37:46,164  WARN [Worker-6] - ScalaProject - Project hello-project runs on platform default installation.
2016-05-04 16:37:48,303  WARN [Worker-9] - ScalaProject - Project hello-project has platform default sourceLevel.
2016-05-04 16:37:48,303  WARN [Worker-9] - ScalaProject - Project hello-project runs on platform default installation.
2016-05-04 16:38:03,064  WARN [Worker-10] - ScalaProject - Project hello-project has platform default sourceLevel.
2016-05-04 16:38:03,067  WARN [Worker-10] - ScalaProject - Project hello-project runs on platform default installation.
2016-05-04 16:38:04,166  WARN [Worker-9] - ScalaProject - Project hello-project has platform default sourceLevel.
2016-05-04 16:38:04,167  WARN [Worker-9] - ScalaProject - Project hello-project runs on platform default installation.
2016-05-04 16:38:08,764  WARN [Worker-9] - ScalaProject - Project hello-project has platform default sourceLevel.
2016-05-04 16:38:08,765  WARN [Worker-9] - ScalaProject - Project hello-project runs on platform default installation.
2016-05-04 16:38:09,856  WARN [Worker-7] - ScalaProject - Project hello-project has platform default sourceLevel.
2016-05-04 16:38:09,856  WARN [Worker-7] - ScalaProject - Project hello-project runs on platform default installation.
2016-05-04 16:38:28,241  WARN [Worker-6] - ScalaProject - Project hello-project has platform default sourceLevel.
2016-05-04 16:38:28,242  WARN [Worker-6] - ScalaProject - Project hello-project runs on platform default installation.
2016-05-04 16:38:34,649  WARN [Worker-3] - ScalaProject - Project hello-project has platform default sourceLevel.
2016-05-04 16:38:34,650  WARN [Worker-3] - ScalaProject - Project hello-project runs on platform default installation.
2016-05-04 16:38:35,726  WARN [Worker-6] - ScalaProject - Project hello-project has platform default sourceLevel.
2016-05-04 16:38:35,726  WARN [Worker-6] - ScalaProject - Project hello-project runs on platform default installation.
2016-05-04 16:38:38,788  WARN [Worker-3] - ScalaProject - Project hello-project has platform default sourceLevel.
2016-05-04 16:38:38,788  WARN [Worker-3] - ScalaProject - Project hello-project runs on platform default installation.
2016-05-04 16:38:39,877  WARN [Worker-9] - ScalaProject - Project hello-project has platform default sourceLevel.
2016-05-04 16:38:39,877  WARN [Worker-9] - ScalaProject - Project hello-project runs on platform default installation.
2016-05-04 16:38:43,060  WARN [Worker-9] - ScalaProject - Project hello-project has platform default sourceLevel.
2016-05-04 16:38:43,061  WARN [Worker-9] - ScalaProject - Project hello-project runs on platform default installation.
2016-05-04 16:38:44,152  WARN [Worker-10] - ScalaProject - Project hello-project has platform default sourceLevel.
2016-05-04 16:38:44,153  WARN [Worker-10] - ScalaProject - Project hello-project runs on platform default installation.
2016-05-04 16:38:46,677  WARN [Worker-6] - ScalaProject - Project hello-project has platform default sourceLevel.
2016-05-04 16:38:46,677  WARN [Worker-6] - ScalaProject - Project hello-project runs on platform default installation.
2016-05-04 16:38:47,721  WARN [Worker-11] - ScalaProject - Project hello-project has platform default sourceLevel.
2016-05-04 16:38:47,721  WARN [Worker-11] - ScalaProject - Project hello-project runs on platform default installation.
2016-05-04 16:38:54,189  WARN [Worker-6] - ScalaProject - Project hello-project has platform default sourceLevel.
2016-05-04 16:38:54,189  WARN [Worker-6] - ScalaProject - Project hello-project runs on platform default installation.
2016-05-04 16:38:55,547  WARN [Worker-7] - ScalaProject - Project hello-project has platform default sourceLevel.
2016-05-04 16:38:55,548  WARN [Worker-7] - ScalaProject - Project hello-project runs on platform default installation.
2016-05-04 16:39:02,888  WARN [Worker-6] - ScalaProject - Project hello-project has platform default sourceLevel.
2016-05-04 16:39:02,888  WARN [Worker-6] - ScalaProject - Project hello-project runs on platform default installation.
2016-05-04 16:39:03,989  WARN [Worker-9] - ScalaProject - Project hello-project has platform default sourceLevel.
2016-05-04 16:39:03,990  WARN [Worker-9] - ScalaProject - Project hello-project runs on platform default installation.
